<?xml version="1.0" encoding="UTF-8"?>
<!-- Generated by org.testng.reporters.JUnitReportReporter -->
<testsuite skipped="0" hostname="EPUALVIW0580" name="CRUDTests" tests="2" failures="0" timestamp="03 Mar 2021 10:51:36 GMT" time="7.392" errors="0">
  <testcase name="deleteEntityTest" time="5.925" classname="CRUDTests"/>
  <testcase name="deleteEntityTest" time="1.467" classname="CRUDTests"/>
</testsuite> <!-- CRUDTests -->
